Using pre-set license
Built from '2020.3/release' branch; Version is '2020.3.1f1 (77a89f25062f) revision 7841951'; Using compiler version '192528614'; Build Type 'Release'
OS: 'Windows 10 Pro; OS build 19045.4291; Version 2009; 64bit' Language: 'en' Physical Memory: 16263 MB
BatchMode: 1, IsHumanControllingUs: 0, StartBugReporterOnCrash: 0, Is64bit: 1, IsPro: 0

 COMMAND LINE ARGUMENTS:
C:\Program Files\Unity\Hub\Editor\2020.3.1f1\Editor\Unity.exe
-adb2
-batchMode
-noUpm
-name
AssetImportWorker0
-projectPath
C:/Users/Lorena/Desktop/Create with VR/VR - Chemistry
-logFile
Logs/AssetImportWorker0.log
-srvPort
60217
Successfully changed project path to: C:/Users/Lorena/Desktop/Create with VR/VR - Chemistry
C:/Users/Lorena/Desktop/Create with VR/VR - Chemistry
Using Asset Import Pipeline V2.
Refreshing native plugins compatible for Editor in 91.96 ms, found 8 plugins.
Preloading 1 native plugins for Editor in 1.06 ms.
Initialize engine version: 2020.3.1f1 (77a89f25062f)
[Subsystems] Discovering subsystems at path C:/Program Files/Unity/Hub/Editor/2020.3.1f1/Editor/Data/Resources/UnitySubsystems
[Subsystems] Discovering subsystems at path C:/Users/Lorena/Desktop/Create with VR/VR - Chemistry/Assets
GfxDevice: creating device client; threaded=0
Direct3D:
    Version:  Direct3D 11.0 [level 11.1]
    Renderer: Intel(R) HD Graphics 530 (ID=0x1912)
    Vendor:   
    VRAM:     8131 MB
    Driver:   31.0.101.2111
Shader 'Universal Render Pipeline/Particles/Lit': fallback shader 'Universal Render Pipeline/Particles/SimpleLit' not found
Initialize mono
Mono path[0] = 'C:/Program Files/Unity/Hub/Editor/2020.3.1f1/Editor/Data/Managed'
Mono path[1] = 'C:/Program Files/Unity/Hub/Editor/2020.3.1f1/Editor/Data/MonoBleedingEdge/lib/mono/unityjit'
Mono config path = 'C:/Program Files/Unity/Hub/Editor/2020.3.1f1/Editor/Data/MonoBleedingEdge/etc'
Using monoOptions --debugger-agent=transport=dt_socket,embedding=1,server=y,suspend=n,address=127.0.0.1:56816
Begin MonoManager ReloadAssembly
Registering precompiled unity dll's ...
Register platform support module: C:/Program Files/Unity/Hub/Editor/2020.3.1f1/Editor/Data/PlaybackEngines/WindowsStandaloneSupport/UnityEditor.WindowsStandalone.Extensions.dll
Registered in 0.002712 seconds.
Native extension for WindowsStandalone target not found
Refreshing native plugins compatible for Editor in 65.05 ms, found 8 plugins.
Preloading 1 native plugins for Editor in 0.10 ms.
Invoked RoslynAnalysisRunner static constructor.
RoslynAnalysisRunner will not be running.
RoslynAnalysisRunner has terminated.
Mono: successfully reloaded assembly
- Completed reload, in  2.080 seconds
Platform modules already initialized, skipping
Registering precompiled user dll's ...
Registered in 0.006375 seconds.
Begin MonoManager ReloadAssembly
Native extension for WindowsStandalone target not found
Refreshing native plugins compatible for Editor in 65.53 ms, found 8 plugins.
Preloading 1 native plugins for Editor in 0.11 ms.
Invoked RoslynAnalysisRunner static constructor.
RoslynAnalysisRunner will not be running.
RoslynAnalysisRunner has terminated.
[XR] OculusXRPlugin: registering subsystems
[XR] Unable to register display lifecyle provider: [1]
[XR] Oculus Input lifecycle provider registered.
[XR] Unable to register input lifecyle provider: [1]
NullReferenceException: Object reference not set to an instance of an object
  at Unity.XR.Oculus.OculusLoader.AssetPathToAbsolutePath (System.String assetPath) [0x00048] in C:\Users\Lorena\Desktop\Create with VR\VR - Chemistry\Library\PackageCache\com.unity.xr.oculus@1.8.1\Runtime\OculusLoader.cs:243 
  at Unity.XR.Oculus.OculusLoader.EditorLoadOVRPlugin () [0x0007b] in C:\Users\Lorena\Desktop\Create with VR\VR - Chemistry\Library\PackageCache\com.unity.xr.oculus@1.8.1\Runtime\OculusLoader.cs:228 

(Filename: Library/PackageCache/com.unity.xr.oculus@1.8.1/Runtime/OculusLoader.cs Line: 243)

Mono: successfully reloaded assembly
- Completed reload, in  1.130 seconds
Platform modules already initialized, skipping
========================================================================
Worker process is ready to serve import requests
Shader 'Universal Render Pipeline/Particles/Lit': fallback shader 'Universal Render Pipeline/Particles/SimpleLit' not found
Launched and connected shader compiler UnityShaderCompiler.exe after 0.05 seconds
Refreshing native plugins compatible for Editor in 0.80 ms, found 8 plugins.
Preloading 1 native plugins for Editor in 0.08 ms.
Unloading 3301 Unused Serialized files (Serialized files now loaded: 0)
System memory in use before: 171.9 MB.
System memory in use after: 171.9 MB.

Unloading 28 unused Assets to reduce memory usage. Loaded Objects now: 3759.
Total: 2.807400 ms (FindLiveObjects: 0.367100 ms CreateObjectMapping: 0.174700 ms MarkObjects: 2.136400 ms  DeleteObjects: 0.128100 ms)

========================================================================
Received Import Request.
  path: Assets/Scenes/Atoms_Structure_Scene.unity
  artifactKey: Guid(c5cbd0296c49b244faebe7667db26145) Importer(815301076,1909f56bfc062723c751e8b465ee728b)
Start importing Assets/Scenes/Atoms_Structure_Scene.unity using Guid(c5cbd0296c49b244faebe7667db26145) Importer(815301076,1909f56bfc062723c751e8b465ee728b)  -> (artifact id: 'c4e078ebe52c7914d734442a37ca07b8') in 0.021067 seconds
  Import took 0.026370 seconds .

========================================================================
Received Import Request.
  Time since last request: 145.410514 seconds.
  path: Assets/_Course Library/Scripts/Classes/IonType.cs
  artifactKey: Guid(5c857fc5d9ae8c346ab33e35f869d571) Importer(815301076,1909f56bfc062723c751e8b465ee728b)
Start importing Assets/_Course Library/Scripts/Classes/IonType.cs using Guid(5c857fc5d9ae8c346ab33e35f869d571) Importer(815301076,1909f56bfc062723c751e8b465ee728b)  -> (artifact id: 'd99bc137d5e51977e1d989ac262f10a3') in 0.060374 seconds
  Import took 0.067616 seconds .

========================================================================
Received Import Request.
  Time since last request: 0.982076 seconds.
  path: Assets/_Course Library/Scripts/Classes/Molecule.cs
  artifactKey: Guid(62c6d8b32e9c4df4abc1ada95c40d836) Importer(815301076,1909f56bfc062723c751e8b465ee728b)
Start importing Assets/_Course Library/Scripts/Classes/Molecule.cs using Guid(62c6d8b32e9c4df4abc1ada95c40d836) Importer(815301076,1909f56bfc062723c751e8b465ee728b)  -> (artifact id: '86ce22ea8d92950f084abc340c749b20') in 0.010829 seconds
  Import took 0.016966 seconds .

========================================================================
Received Prepare
Registering precompiled user dll's ...
Registered in 0.005883 seconds.
Begin MonoManager ReloadAssembly
Native extension for WindowsStandalone target not found
Refreshing native plugins compatible for Editor in 0.83 ms, found 8 plugins.
Preloading 1 native plugins for Editor in 0.15 ms.
Invoked RoslynAnalysisRunner static constructor.
RoslynAnalysisRunner will not be running.
RoslynAnalysisRunner has terminated.
NullReferenceException: Object reference not set to an instance of an object
  at Unity.XR.Oculus.OculusLoader.AssetPathToAbsolutePath (System.String assetPath) [0x00048] in C:\Users\Lorena\Desktop\Create with VR\VR - Chemistry\Library\PackageCache\com.unity.xr.oculus@1.8.1\Runtime\OculusLoader.cs:243 
  at Unity.XR.Oculus.OculusLoader.EditorLoadOVRPlugin () [0x0007b] in C:\Users\Lorena\Desktop\Create with VR\VR - Chemistry\Library\PackageCache\com.unity.xr.oculus@1.8.1\Runtime\OculusLoader.cs:228 

(Filename: Library/PackageCache/com.unity.xr.oculus@1.8.1/Runtime/OculusLoader.cs Line: 243)

Mono: successfully reloaded assembly
- Completed reload, in  1.066 seconds
Platform modules already initialized, skipping
Shader 'Universal Render Pipeline/Particles/Lit': fallback shader 'Universal Render Pipeline/Particles/SimpleLit' not found
Refreshing native plugins compatible for Editor in 0.78 ms, found 8 plugins.
Preloading 1 native plugins for Editor in 0.08 ms.
Unloading 3160 Unused Serialized files (Serialized files now loaded: 0)
System memory in use before: 164.1 MB.
System memory in use after: 164.3 MB.

Unloading 21 unused Assets to reduce memory usage. Loaded Objects now: 3763.
Total: 3.026000 ms (FindLiveObjects: 0.363500 ms CreateObjectMapping: 0.154300 ms MarkObjects: 2.450000 ms  DeleteObjects: 0.057700 ms)

========================================================================
Received Prepare
Registering precompiled user dll's ...
Registered in 0.006070 seconds.
Begin MonoManager ReloadAssembly
Native extension for WindowsStandalone target not found
Refreshing native plugins compatible for Editor in 1.08 ms, found 8 plugins.
Preloading 1 native plugins for Editor in 0.09 ms.
Invoked RoslynAnalysisRunner static constructor.
RoslynAnalysisRunner will not be running.
RoslynAnalysisRunner has terminated.
NullReferenceException: Object reference not set to an instance of an object
  at Unity.XR.Oculus.OculusLoader.AssetPathToAbsolutePath (System.String assetPath) [0x00048] in C:\Users\Lorena\Desktop\Create with VR\VR - Chemistry\Library\PackageCache\com.unity.xr.oculus@1.8.1\Runtime\OculusLoader.cs:243 
  at Unity.XR.Oculus.OculusLoader.EditorLoadOVRPlugin () [0x0007b] in C:\Users\Lorena\Desktop\Create with VR\VR - Chemistry\Library\PackageCache\com.unity.xr.oculus@1.8.1\Runtime\OculusLoader.cs:228 

(Filename: Library/PackageCache/com.unity.xr.oculus@1.8.1/Runtime/OculusLoader.cs Line: 243)

Mono: successfully reloaded assembly
- Completed reload, in  1.094 seconds
Platform modules already initialized, skipping
Shader 'Universal Render Pipeline/Particles/Lit': fallback shader 'Universal Render Pipeline/Particles/SimpleLit' not found
Refreshing native plugins compatible for Editor in 0.90 ms, found 8 plugins.
Preloading 1 native plugins for Editor in 0.08 ms.
Unloading 3160 Unused Serialized files (Serialized files now loaded: 0)
System memory in use before: 164.1 MB.
System memory in use after: 164.4 MB.

Unloading 21 unused Assets to reduce memory usage. Loaded Objects now: 3767.
Total: 2.930300 ms (FindLiveObjects: 0.396800 ms CreateObjectMapping: 0.168300 ms MarkObjects: 2.343900 ms  DeleteObjects: 0.020700 ms)

========================================================================
Received Import Request.
  Time since last request: 491.823696 seconds.
  path: Assets/_Course Library/Scripts/Testing/OculusPlatformManager.cs
  artifactKey: Guid(467e86df7013d1c4e9a787b13adbaa26) Importer(815301076,1909f56bfc062723c751e8b465ee728b)
Start importing Assets/_Course Library/Scripts/Testing/OculusPlatformManager.cs using Guid(467e86df7013d1c4e9a787b13adbaa26) Importer(815301076,1909f56bfc062723c751e8b465ee728b)  -> (artifact id: '17050e53a5fe232aa5bc6885410edbe1') in 0.014026 seconds
  Import took 0.019797 seconds .

========================================================================
Received Import Request.
  Time since last request: 0.011159 seconds.
  path: Assets/_Course Library/Scripts/Testing/OculusPlatformManager.cs
  artifactKey: Guid(467e86df7013d1c4e9a787b13adbaa26) Importer(815301076,1909f56bfc062723c751e8b465ee728b)
Start importing Assets/_Course Library/Scripts/Testing/OculusPlatformManager.cs using Guid(467e86df7013d1c4e9a787b13adbaa26) Importer(815301076,1909f56bfc062723c751e8b465ee728b)  -> (artifact id: '17050e53a5fe232aa5bc6885410edbe1') in 0.003642 seconds
  Import took 0.009189 seconds .

========================================================================
Received Import Request.
  Time since last request: 104.182973 seconds.
  path: Assets/_Course Library/Scripts/Actions/DisplayAtomModel.cs
  artifactKey: Guid(b2755078598496c4da756ec00ee88749) Importer(815301076,1909f56bfc062723c751e8b465ee728b)
Start importing Assets/_Course Library/Scripts/Actions/DisplayAtomModel.cs using Guid(b2755078598496c4da756ec00ee88749) Importer(815301076,1909f56bfc062723c751e8b465ee728b)  -> (artifact id: 'e6a7c1da1fc9422d61c1fb69048ffd93') in 0.008152 seconds
  Import took 0.013701 seconds .

========================================================================
Received Import Request.
  Time since last request: 0.021418 seconds.
  path: Assets/_Course Library/Scripts/Actions/DisplayAtomModel.cs
  artifactKey: Guid(b2755078598496c4da756ec00ee88749) Importer(815301076,1909f56bfc062723c751e8b465ee728b)
Start importing Assets/_Course Library/Scripts/Actions/DisplayAtomModel.cs using Guid(b2755078598496c4da756ec00ee88749) Importer(815301076,1909f56bfc062723c751e8b465ee728b)  -> (artifact id: 'e6a7c1da1fc9422d61c1fb69048ffd93') in 0.003223 seconds
  Import took 0.010740 seconds .

========================================================================
Received Prepare
Registering precompiled user dll's ...
Registered in 0.005326 seconds.
Begin MonoManager ReloadAssembly
Native extension for WindowsStandalone target not found
Refreshing native plugins compatible for Editor in 0.83 ms, found 8 plugins.
Preloading 1 native plugins for Editor in 0.10 ms.
Invoked RoslynAnalysisRunner static constructor.
RoslynAnalysisRunner will not be running.
RoslynAnalysisRunner has terminated.
NullReferenceException: Object reference not set to an instance of an object
  at Unity.XR.Oculus.OculusLoader.AssetPathToAbsolutePath (System.String assetPath) [0x00048] in C:\Users\Lorena\Desktop\Create with VR\VR - Chemistry\Library\PackageCache\com.unity.xr.oculus@1.8.1\Runtime\OculusLoader.cs:243 
  at Unity.XR.Oculus.OculusLoader.EditorLoadOVRPlugin () [0x0007b] in C:\Users\Lorena\Desktop\Create with VR\VR - Chemistry\Library\PackageCache\com.unity.xr.oculus@1.8.1\Runtime\OculusLoader.cs:228 

(Filename: Library/PackageCache/com.unity.xr.oculus@1.8.1/Runtime/OculusLoader.cs Line: 243)

Mono: successfully reloaded assembly
- Completed reload, in  1.069 seconds
Platform modules already initialized, skipping
Shader 'Universal Render Pipeline/Particles/Lit': fallback shader 'Universal Render Pipeline/Particles/SimpleLit' not found
Refreshing native plugins compatible for Editor in 0.80 ms, found 8 plugins.
Preloading 1 native plugins for Editor in 0.08 ms.
Unloading 3160 Unused Serialized files (Serialized files now loaded: 0)
System memory in use before: 164.2 MB.
System memory in use after: 164.4 MB.

Unloading 21 unused Assets to reduce memory usage. Loaded Objects now: 3771.
Total: 2.696200 ms (FindLiveObjects: 0.405000 ms CreateObjectMapping: 0.166900 ms MarkObjects: 2.051200 ms  DeleteObjects: 0.072100 ms)

========================================================================
Received Import Request.
  Time since last request: 87.127068 seconds.
  path: Assets/_Course Library/Scripts/Actions/DisplayAtomModel.cs
  artifactKey: Guid(b2755078598496c4da756ec00ee88749) Importer(815301076,1909f56bfc062723c751e8b465ee728b)
Start importing Assets/_Course Library/Scripts/Actions/DisplayAtomModel.cs using Guid(b2755078598496c4da756ec00ee88749) Importer(815301076,1909f56bfc062723c751e8b465ee728b)  -> (artifact id: 'f6fb609b832425e012e56cf31daecced') in 0.005957 seconds
  Import took 0.011710 seconds .

========================================================================
Received Prepare
Registering precompiled user dll's ...
Registered in 0.005300 seconds.
Begin MonoManager ReloadAssembly
Native extension for WindowsStandalone target not found
Refreshing native plugins compatible for Editor in 0.84 ms, found 8 plugins.
Preloading 1 native plugins for Editor in 0.12 ms.
Invoked RoslynAnalysisRunner static constructor.
RoslynAnalysisRunner will not be running.
RoslynAnalysisRunner has terminated.
NullReferenceException: Object reference not set to an instance of an object
  at Unity.XR.Oculus.OculusLoader.AssetPathToAbsolutePath (System.String assetPath) [0x00048] in C:\Users\Lorena\Desktop\Create with VR\VR - Chemistry\Library\PackageCache\com.unity.xr.oculus@1.8.1\Runtime\OculusLoader.cs:243 
  at Unity.XR.Oculus.OculusLoader.EditorLoadOVRPlugin () [0x0007b] in C:\Users\Lorena\Desktop\Create with VR\VR - Chemistry\Library\PackageCache\com.unity.xr.oculus@1.8.1\Runtime\OculusLoader.cs:228 

(Filename: Library/PackageCache/com.unity.xr.oculus@1.8.1/Runtime/OculusLoader.cs Line: 243)

Mono: successfully reloaded assembly
- Completed reload, in  1.093 seconds
Platform modules already initialized, skipping
Shader 'Universal Render Pipeline/Particles/Lit': fallback shader 'Universal Render Pipeline/Particles/SimpleLit' not found
Refreshing native plugins compatible for Editor in 0.78 ms, found 8 plugins.
Preloading 1 native plugins for Editor in 0.08 ms.
Unloading 3160 Unused Serialized files (Serialized files now loaded: 0)
System memory in use before: 164.2 MB.
System memory in use after: 164.4 MB.

Unloading 21 unused Assets to reduce memory usage. Loaded Objects now: 3775.
Total: 3.505500 ms (FindLiveObjects: 0.897000 ms CreateObjectMapping: 0.286800 ms MarkObjects: 2.298400 ms  DeleteObjects: 0.022600 ms)

========================================================================
Received Prepare
Registering precompiled user dll's ...
Registered in 0.005763 seconds.
Begin MonoManager ReloadAssembly
Native extension for WindowsStandalone target not found
Refreshing native plugins compatible for Editor in 0.80 ms, found 8 plugins.
Preloading 1 native plugins for Editor in 0.16 ms.
Invoked RoslynAnalysisRunner static constructor.
RoslynAnalysisRunner will not be running.
RoslynAnalysisRunner has terminated.
NullReferenceException: Object reference not set to an instance of an object
  at Unity.XR.Oculus.OculusLoader.AssetPathToAbsolutePath (System.String assetPath) [0x00048] in C:\Users\Lorena\Desktop\Create with VR\VR - Chemistry\Library\PackageCache\com.unity.xr.oculus@1.8.1\Runtime\OculusLoader.cs:243 
  at Unity.XR.Oculus.OculusLoader.EditorLoadOVRPlugin () [0x0007b] in C:\Users\Lorena\Desktop\Create with VR\VR - Chemistry\Library\PackageCache\com.unity.xr.oculus@1.8.1\Runtime\OculusLoader.cs:228 

(Filename: Library/PackageCache/com.unity.xr.oculus@1.8.1/Runtime/OculusLoader.cs Line: 243)

Mono: successfully reloaded assembly
- Completed reload, in  0.990 seconds
Platform modules already initialized, skipping
Shader 'Universal Render Pipeline/Particles/Lit': fallback shader 'Universal Render Pipeline/Particles/SimpleLit' not found
Refreshing native plugins compatible for Editor in 0.84 ms, found 8 plugins.
Preloading 1 native plugins for Editor in 0.08 ms.
Unloading 3160 Unused Serialized files (Serialized files now loaded: 0)
System memory in use before: 164.2 MB.
System memory in use after: 164.4 MB.

Unloading 21 unused Assets to reduce memory usage. Loaded Objects now: 3779.
Total: 2.953300 ms (FindLiveObjects: 0.492000 ms CreateObjectMapping: 0.144500 ms MarkObjects: 2.261300 ms  DeleteObjects: 0.054600 ms)

========================================================================
Received Prepare
Registering precompiled user dll's ...
Registered in 0.005283 seconds.
Begin MonoManager ReloadAssembly
Native extension for WindowsStandalone target not found
Refreshing native plugins compatible for Editor in 0.86 ms, found 8 plugins.
Preloading 1 native plugins for Editor in 0.10 ms.
Invoked RoslynAnalysisRunner static constructor.
RoslynAnalysisRunner will not be running.
RoslynAnalysisRunner has terminated.
NullReferenceException: Object reference not set to an instance of an object
  at Unity.XR.Oculus.OculusLoader.AssetPathToAbsolutePath (System.String assetPath) [0x00048] in C:\Users\Lorena\Desktop\Create with VR\VR - Chemistry\Library\PackageCache\com.unity.xr.oculus@1.8.1\Runtime\OculusLoader.cs:243 
  at Unity.XR.Oculus.OculusLoader.EditorLoadOVRPlugin () [0x0007b] in C:\Users\Lorena\Desktop\Create with VR\VR - Chemistry\Library\PackageCache\com.unity.xr.oculus@1.8.1\Runtime\OculusLoader.cs:228 

(Filename: Library/PackageCache/com.unity.xr.oculus@1.8.1/Runtime/OculusLoader.cs Line: 243)

Mono: successfully reloaded assembly
- Completed reload, in  1.019 seconds
Platform modules already initialized, skipping
Shader 'Universal Render Pipeline/Particles/Lit': fallback shader 'Universal Render Pipeline/Particles/SimpleLit' not found
Refreshing native plugins compatible for Editor in 0.81 ms, found 8 plugins.
Preloading 1 native plugins for Editor in 0.08 ms.
Unloading 3160 Unused Serialized files (Serialized files now loaded: 0)
System memory in use before: 164.2 MB.
System memory in use after: 164.5 MB.

Unloading 21 unused Assets to reduce memory usage. Loaded Objects now: 3783.
Total: 2.882000 ms (FindLiveObjects: 0.330600 ms CreateObjectMapping: 0.218400 ms MarkObjects: 2.279900 ms  DeleteObjects: 0.052200 ms)

========================================================================
Received Import Request.
  Time since last request: 144.344307 seconds.
  path: Assets/_Course Library/Scripts/Actions/DisplayAtomModel.cs
  artifactKey: Guid(b2755078598496c4da756ec00ee88749) Importer(815301076,1909f56bfc062723c751e8b465ee728b)
Start importing Assets/_Course Library/Scripts/Actions/DisplayAtomModel.cs using Guid(b2755078598496c4da756ec00ee88749) Importer(815301076,1909f56bfc062723c751e8b465ee728b)  -> (artifact id: '31d01b36c398c0ded196a3326ba10d37') in 0.005493 seconds
  Import took 0.011069 seconds .

AssetImportWorkerClient::OnTransportError - code=2 error=End of file
